[debug] [2023-08-02T05:32:56.000Z] ----------------------------------------------------------------------
[debug] [2023-08-02T05:32:56.003Z] Command:       C:\Program Files\nodejs\node.exe C:\Users\Ramya\AppData\Roaming\npm\node_modules\firebase-tools\lib\bin\firebase.js init
[debug] [2023-08-02T05:32:56.004Z] CLI Version:   12.4.6
[debug] [2023-08-02T05:32:56.004Z] Platform:      win32
[debug] [2023-08-02T05:32:56.004Z] Node Version:  v19.8.1
[debug] [2023-08-02T05:32:56.004Z] Time:          Wed Aug 02 2023 11:02:56 GMT+0530 (India Standard Time)
[debug] [2023-08-02T05:32:56.005Z] ----------------------------------------------------------------------
[debug] 
[debug] [2023-08-02T05:32:56.012Z] > command requires scopes: ["email","openid","https://www.googleapis.com/auth/cloudplatformprojects.readonly","https://www.googleapis.com/auth/firebase","https://www.googleapis.com/auth/cloud-platform"]
[debug] [2023-08-02T05:32:56.013Z] > authorizing via signed-in user (neethuhaircare@gmail.com)
[info] 
     ######## #### ########  ######## ########     ###     ######  ########
     ##        ##  ##     ## ##       ##     ##  ##   ##  ##       ##
     ######    ##  ########  ######   ########  #########  ######  ######
     ##        ##  ##    ##  ##       ##     ## ##     ##       ## ##
     ##       #### ##     ## ######## ########  ##     ##  ######  ########

You're about to initialize a Firebase project in this directory:

  D:\React study\wtsappfire

[info] 
=== Project Setup
[info] 
[info] First, let's associate this project directory with a Firebase project.
[info] You can create multiple project aliases by running firebase use --add, 
[info] but for now we'll just set up a default project.
[info] 
[debug] [2023-08-02T05:44:07.339Z] >>> [apiv2][query] GET https://firebase.googleapis.com/v1beta1/projects pageSize=100
[debug] [2023-08-02T05:44:08.159Z] <<< [apiv2][status] GET https://firebase.googleapis.com/v1beta1/projects 200
[debug] [2023-08-02T05:44:08.159Z] <<< [apiv2][body] GET https://firebase.googleapis.com/v1beta1/projects [omitted]
[info] i  Using project wtsapp-cloning (wtsapp-cloning) 
[info] 
=== Hosting Setup
[info] 
[info] Your public directory is the folder (relative to your project directory) that
[info] will contain Hosting assets to be uploaded with firebase deploy. If you
[info] have a build process for your assets, use your build's output directory.
[info] 
[debug] [2023-08-02T05:46:54.444Z] >>> [apiv2][query] GET https://www.gstatic.com/firebasejs/releases.json [none]
[debug] [2023-08-02T05:46:54.581Z] <<< [apiv2][status] GET https://www.gstatic.com/firebasejs/releases.json 200
[debug] [2023-08-02T05:46:54.582Z] <<< [apiv2][body] GET https://www.gstatic.com/firebasejs/releases.json {"current":{"version":"10.1.0","browserURL":"https://www.gstatic.com/firebasejs/10.1.0/firebase.js","packageURL":"https://www.gstatic.com/firebasejs/10.1.0/firebase.tgz"},"live":{"version":"10.1","browserURL":"https://www.gstatic.com/firebasejs/live/10.1/firebase.js","packageURL":"https://www.gstatic.com/firebasejs/live/10.1/firebase.tgz"},"components":{"analytics":"https://www.gstatic.com/firebasejs/10.1.0/firebase-analytics.js","app":"https://www.gstatic.com/firebasejs/10.1.0/firebase-app.js","app-check":"https://www.gstatic.com/firebasejs/10.1.0/firebase-app-check.js","auth":"https://www.gstatic.com/firebasejs/10.1.0/firebase-auth.js","auth/cordova":"https://www.gstatic.com/firebasejs/10.1.0/firebase-auth/cordova.js","functions":"https://www.gstatic.com/firebasejs/10.1.0/firebase-functions.js","firestore":"https://www.gstatic.com/firebasejs/10.1.0/firebase-firestore.js","firestore/lite":"https://www.gstatic.com/firebasejs/10.1.0/firebase-firestore/lite.js","installations":"https://www.gstatic.com/firebasejs/10.1.0/firebase-installations.js","storage":"https://www.gstatic.com/firebasejs/10.1.0/firebase-storage.js","performance":"https://www.gstatic.com/firebasejs/10.1.0/firebase-performance.js","remote-config":"https://www.gstatic.com/firebasejs/10.1.0/firebase-remote-config.js","messaging":"https://www.gstatic.com/firebasejs/10.1.0/firebase-messaging.js","messaging/sw":"https://www.gstatic.com/firebasejs/10.1.0/firebase-messaging/sw.js","database":"https://www.gstatic.com/firebasejs/10.1.0/firebase-database.js","firestore.memory":"https://www.gstatic.com/firebasejs/10.1.0/firebase-firestore.memory.js"}}
[info] i  Skipping write of public/index.html 
[info] 
[info] i  Detected a .git folder at D:\React study\wtsappfire 
[info] i  Authorizing with GitHub to upload your service account to a GitHub repository's secrets store. 
[info] 
[info] Visit this URL on this device to log in:
[info] https://github.com/login/oauth/authorize?client_id=89cf50f02ac6aaed3484&state=847680947&redirect_uri=http%3A%2F%2Flocalhost%3A9005&scope=read%3Auser%20repo%20public_repo
[info] 
[info] Waiting for authentication...
[debug] [2023-08-02T05:56:32.763Z] >>> [apiv2][query] POST https://github.com/login/oauth/access_token [none]
[debug] [2023-08-02T05:56:32.764Z] >>> [apiv2][body] POST https://github.com/login/oauth/access_token [stream]
[debug] [2023-08-02T05:56:33.181Z] <<< [apiv2][status] POST https://github.com/login/oauth/access_token 200
[debug] [2023-08-02T05:56:33.181Z] <<< [apiv2][body] POST https://github.com/login/oauth/access_token {"access_token":"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","token_type":"bearer","scope":"read:user,repo"}
[debug] [2023-08-02T05:56:33.197Z] >>> [apiv2][query] GET https://api.github.com/user [none]
[debug] [2023-08-02T05:56:33.632Z] <<< [apiv2][status] GET https://api.github.com/user 200
[debug] [2023-08-02T05:56:33.632Z] <<< [apiv2][body] GET https://api.github.com/user {"login":"Pramyagit","id":106743880,"node_id":"U_kgDOBlzISA","avatar_url":"https://avatars.githubusercontent.com/u/106743880?v=4","gravatar_id":"","url":"https://api.github.com/users/Pramyagit","html_url":"https://github.com/Pramyagit","followers_url":"https://api.github.com/users/Pramyagit/followers","following_url":"https://api.github.com/users/Pramyagit/following{/other_user}","gists_url":"https://api.github.com/users/Pramyagit/gists{/gist_id}","starred_url":"https://api.github.com/users/Pramyagit/starred{/owner}{/repo}","subscriptions_url":"https://api.github.com/users/Pramyagit/subscriptions","organizations_url":"https://api.github.com/users/Pramyagit/orgs","repos_url":"https://api.github.com/users/Pramyagit/repos","events_url":"https://api.github.com/users/Pramyagit/events{/privacy}","received_events_url":"https://api.github.com/users/Pramyagit/received_events","type":"User","site_admin":false,"name":"Ramya Palani","company":null,"blog":"","location":null,"email":null,"hireable":null,"bio":null,"twitter_username":null,"public_repos":15,"public_gists":0,"followers":0,"following":1,"created_at":"2022-06-02T11:23:26Z","updated_at":"2023-06-23T07:55:45Z","private_gists":0,"total_private_repos":0,"owned_private_repos":0,"disk_usage":42630,"collaborators":0,"two_factor_authentication":false,"plan":{"name":"free","space":976562499,"collaborators":0,"private_repos":10000}}
[info] 
[info] +  Success! Logged into GitHub as Pramyagit 
[info] 
